<?xml version="1.0" encoding="UTF-8"?>
<!-- Generated by org.testng.reporters.JUnitReportReporter -->
<testsuite hostname="dembol-Inspiron-7720" name="com.devesion.examples.mappers.UserMapperTest" tests="9" failures="0" timestamp="27 Jan 2013 20:01:46 GMT" time="0,158" errors="0">
  <testcase name="shouldThrowSourceObjectPreconditionError" time="0,000" classname="com.devesion.examples.mappers.UserMapperTest"/>
  <testcase name="shouldThrowDestinationObjectPreconditionError" time="0,000" classname="com.devesion.examples.mappers.UserMapperTest"/>
  <testcase name="shouldThrowDestinationObjectPreconditionError" time="0,000" classname="com.devesion.examples.mappers.UserMapperTest"/>
  <testcase name="shouldThrowSourceObjectPreconditionError" time="0,001" classname="com.devesion.examples.mappers.UserMapperTest"/>
  <testcase name="shouldThrowSourceObjectPreconditionError" time="0,000" classname="com.devesion.examples.mappers.UserMapperTest"/>
  <testcase name="shouldThrowDestinationObjectPreconditionError" time="0,001" classname="com.devesion.examples.mappers.UserMapperTest"/>
  <testcase name="shouldMapObjects" time="0,011" classname="com.devesion.examples.mappers.UserMapperTest"/>
  <testcase name="shouldMapObjects" time="0,022" classname="com.devesion.examples.mappers.UserMapperTest"/>
  <testcase name="shouldMapObjects" time="0,123" classname="com.devesion.examples.mappers.UserMapperTest"/>
</testsuite>
